12.12.2022 09:06:59 [TalkingNPC] TalkingNPC started!
12.12.2022 09:06:59 [TalkingNPC] Created sound trigger sidor at 4546  71  1814
12.12.2022 09:06:59 [TalkingNPC] Created sound trigger barman at 4864  123 6671
12.12.2022 09:06:59 [TalkingNPC] Created sound trigger sacharov at 2453  39  6209
12.12.2022 14:34:56 [TalkingNPC] TalkingNPC started!
12.12.2022 14:34:56 [TalkingNPC] Created sound trigger sidor at 4546  71  1814
12.12.2022 14:34:56 [TalkingNPC] Created sound trigger barman at 4864  123 6671
12.12.2022 14:34:56 [TalkingNPC] Created sound trigger sacharov at 2453  39  6209
12.12.2022 14:50:22 [TalkingNPC] TalkingNPC started!
12.12.2022 14:50:22 [TalkingNPC] Created sound trigger sidor at 4546  71  1814
12.12.2022 14:50:22 [TalkingNPC] Created sound trigger barman at 4864  123 6671
12.12.2022 14:50:22 [TalkingNPC] Created sound trigger sacharov at 2453  39  6209
12.12.2022 14:55:23 [TalkingNPC] TalkingNPC started!
12.12.2022 14:55:23 [TalkingNPC] Created sound trigger sidor at 4546  71  1814
12.12.2022 14:55:23 [TalkingNPC] Created sound trigger barman at 4864  123 6671
12.12.2022 14:55:23 [TalkingNPC] Created sound trigger sacharov at 2453  39  6209
12.12.2022 15:20:47 [TalkingNPC] TalkingNPC started!
12.12.2022 15:20:47 [TalkingNPC] Created sound trigger sidor at 4546  71  1814
12.12.2022 15:20:47 [TalkingNPC] Created sound trigger barman at 4864  123 6671
12.12.2022 15:20:47 [TalkingNPC] Created sound trigger sacharov at 2453  39  6209
12.12.2022 15:30:05 [TalkingNPC] TalkingNPC started!
12.12.2022 15:30:05 [TalkingNPC] Created sound trigger sidor at 4546  71  1814
12.12.2022 15:30:05 [TalkingNPC] Created sound trigger barman at 4864  123 6671
12.12.2022 15:30:05 [TalkingNPC] Created sound trigger sacharov at 2453  39  6209
12.12.2022 15:45:34 [TalkingNPC] TalkingNPC started!
12.12.2022 15:45:34 [TalkingNPC] Created sound trigger sidor at 4546  71  1814
12.12.2022 15:45:34 [TalkingNPC] Created sound trigger barman at 4864  123 6671
12.12.2022 15:45:34 [TalkingNPC] Created sound trigger sacharov at 2453  39  6209
12.12.2022 15:51:11 [TalkingNPC] TalkingNPC started!
12.12.2022 15:51:11 [TalkingNPC] Created sound trigger sidor at 4546  71  1814
12.12.2022 15:51:11 [TalkingNPC] Created sound trigger barman at 4864  123 6671
12.12.2022 15:51:11 [TalkingNPC] Created sound trigger sacharov at 2453  39  6209
12.12.2022 16:02:04 [TalkingNPC] TalkingNPC started!
12.12.2022 16:02:04 [TalkingNPC] Created sound trigger sidor at 4546  71  1814
12.12.2022 16:02:04 [TalkingNPC] Created sound trigger barman at 4864  123 6671
12.12.2022 16:02:04 [TalkingNPC] Created sound trigger sacharov at 2453  39  6209
12.12.2022 16:03:28 [TalkingNPC] Assigned trigger sidor to NPC TNPC_Sidor
12.12.2022 20:03:46 [TalkingNPC] TalkingNPC started!
12.12.2022 20:03:46 [TalkingNPC] Created sound trigger sidor at 4546  71  1814
12.12.2022 20:03:46 [TalkingNPC] Created sound trigger barman at 4864  123 6671
12.12.2022 20:03:46 [TalkingNPC] Created sound trigger sacharov at 2453  39  6209
12.12.2022 20:05:11 [TalkingNPC] Assigned trigger sidor to NPC TNPC_Sidor
13.12.2022 00:02:07 [TalkingNPC] TalkingNPC started!
13.12.2022 00:02:07 [TalkingNPC] Created sound trigger sidor at 4546  71  1814
13.12.2022 00:02:07 [TalkingNPC] Created sound trigger barman at 4864  123 6671
13.12.2022 00:02:07 [TalkingNPC] Created sound trigger sacharov at 2453  39  6209
13.12.2022 00:03:30 [TalkingNPC] Assigned trigger sidor to NPC TNPC_Sidor
13.12.2022 04:01:35 [TalkingNPC] TalkingNPC started!
13.12.2022 04:01:35 [TalkingNPC] Created sound trigger sidor at 4546  71  1814
13.12.2022 04:01:35 [TalkingNPC] Created sound trigger barman at 4864  123 6671
13.12.2022 04:01:35 [TalkingNPC] Created sound trigger sacharov at 2453  39  6209
13.12.2022 04:02:24 [TalkingNPC] Assigned trigger sidor to NPC TNPC_Sidor
13.12.2022 08:01:44 [TalkingNPC] TalkingNPC started!
13.12.2022 08:01:44 [TalkingNPC] Created sound trigger sidor at 4546  71  1814
13.12.2022 08:01:44 [TalkingNPC] Created sound trigger barman at 4864  123 6671
13.12.2022 08:01:44 [TalkingNPC] Created sound trigger sacharov at 2453  39  6209
13.12.2022 08:02:44 [TalkingNPC] Assigned trigger sidor to NPC TNPC_Sidor
13.12.2022 12:02:46 [TalkingNPC] TalkingNPC started!
13.12.2022 12:02:46 [TalkingNPC] Created sound trigger sidor at 4546  71  1814
13.12.2022 12:02:46 [TalkingNPC] Created sound trigger barman at 4864  123 6671
13.12.2022 12:02:46 [TalkingNPC] Created sound trigger sacharov at 2453  39  6209
13.12.2022 12:04:08 [TalkingNPC] Assigned trigger sidor to NPC TNPC_Sidor
14.12.2022 15:29:49 [TalkingNPC] TalkingNPC started!
14.12.2022 15:29:49 [TalkingNPC] Created sound trigger sidor at 4546  71  1814
14.12.2022 15:29:49 [TalkingNPC] Created sound trigger barman at 4864  123 6671
14.12.2022 15:29:49 [TalkingNPC] Created sound trigger sacharov at 2453  39  6209
14.12.2022 15:30:33 [TalkingNPC] Assigned trigger sidor to NPC TNPC_Sidor
14.12.2022 16:08:27 [TalkingNPC] TalkingNPC started!
14.12.2022 16:08:27 [TalkingNPC] Created sound trigger sidor at 4546  71  1814
14.12.2022 16:08:27 [TalkingNPC] Created sound trigger barman at 4864  123 6671
14.12.2022 16:08:27 [TalkingNPC] Created sound trigger sacharov at 2453  39  6209
15.12.2022 00:05:42 [TalkingNPC] TalkingNPC started!
15.12.2022 00:05:42 [TalkingNPC] Created sound trigger sidor at 4546  71  1814
15.12.2022 00:05:42 [TalkingNPC] Created sound trigger barman at 4864  123 6671
15.12.2022 00:05:42 [TalkingNPC] Created sound trigger sacharov at 2453  39  6209
15.12.2022 04:04:28 [TalkingNPC] TalkingNPC started!
15.12.2022 04:04:28 [TalkingNPC] Created sound trigger sidor at 4546  71  1814
15.12.2022 04:04:28 [TalkingNPC] Created sound trigger barman at 4864  123 6671
15.12.2022 04:04:28 [TalkingNPC] Created sound trigger sacharov at 2453  39  6209
15.12.2022 08:04:04 [TalkingNPC] TalkingNPC started!
15.12.2022 08:04:04 [TalkingNPC] Created sound trigger sidor at 4546  71  1814
15.12.2022 08:04:04 [TalkingNPC] Created sound trigger barman at 4864  123 6671
15.12.2022 08:04:04 [TalkingNPC] Created sound trigger sacharov at 2453  39  6209
15.12.2022 12:05:56 [TalkingNPC] TalkingNPC started!
15.12.2022 12:05:56 [TalkingNPC] Created sound trigger sidor at 4546  71  1814
15.12.2022 12:05:56 [TalkingNPC] Created sound trigger barman at 4864  123 6671
15.12.2022 12:05:56 [TalkingNPC] Created sound trigger sacharov at 2453  39  6209
15.12.2022 16:04:06 [TalkingNPC] TalkingNPC started!
15.12.2022 16:04:06 [TalkingNPC] Created sound trigger sidor at 4546  71  1814
15.12.2022 16:04:06 [TalkingNPC] Created sound trigger barman at 4864  123 6671
15.12.2022 16:04:06 [TalkingNPC] Created sound trigger sacharov at 2453  39  6209
15.12.2022 20:03:56 [TalkingNPC] TalkingNPC started!
15.12.2022 20:03:56 [TalkingNPC] Created sound trigger sidor at 4546  71  1814
15.12.2022 20:03:56 [TalkingNPC] Created sound trigger barman at 4864  123 6671
15.12.2022 20:03:56 [TalkingNPC] Created sound trigger sacharov at 2453  39  6209
16.12.2022 00:07:15 [TalkingNPC] TalkingNPC started!
16.12.2022 00:07:15 [TalkingNPC] Created sound trigger sidor at 4546  71  1814
16.12.2022 00:07:15 [TalkingNPC] Created sound trigger barman at 4864  123 6671
16.12.2022 00:07:15 [TalkingNPC] Created sound trigger sacharov at 2453  39  6209
16.12.2022 04:04:28 [TalkingNPC] TalkingNPC started!
16.12.2022 04:04:28 [TalkingNPC] Created sound trigger sidor at 4546  71  1814
16.12.2022 04:04:28 [TalkingNPC] Created sound trigger barman at 4864  123 6671
16.12.2022 04:04:28 [TalkingNPC] Created sound trigger sacharov at 2453  39  6209
16.12.2022 08:04:06 [TalkingNPC] TalkingNPC started!
16.12.2022 08:04:06 [TalkingNPC] Created sound trigger sidor at 4546  71  1814
16.12.2022 08:04:06 [TalkingNPC] Created sound trigger barman at 4864  123 6671
16.12.2022 08:04:06 [TalkingNPC] Created sound trigger sacharov at 2453  39  6209
16.12.2022 12:05:11 [TalkingNPC] TalkingNPC started!
16.12.2022 12:05:11 [TalkingNPC] Created sound trigger sidor at 4546  71  1814
16.12.2022 12:05:11 [TalkingNPC] Created sound trigger barman at 4864  123 6671
16.12.2022 12:05:11 [TalkingNPC] Created sound trigger sacharov at 2453  39  6209
16.12.2022 16:04:02 [TalkingNPC] TalkingNPC started!
16.12.2022 16:04:02 [TalkingNPC] Created sound trigger sidor at 4546  71  1814
16.12.2022 16:04:02 [TalkingNPC] Created sound trigger barman at 4864  123 6671
16.12.2022 16:04:02 [TalkingNPC] Created sound trigger sacharov at 2453  39  6209
16.12.2022 20:03:42 [TalkingNPC] TalkingNPC started!
16.12.2022 20:03:42 [TalkingNPC] Created sound trigger sidor at 4546  71  1814
16.12.2022 20:03:42 [TalkingNPC] Created sound trigger barman at 4864  123 6671
16.12.2022 20:03:42 [TalkingNPC] Created sound trigger sacharov at 2453  39  6209
17.12.2022 00:13:50 [TalkingNPC] TalkingNPC started!
17.12.2022 00:13:50 [TalkingNPC] Created sound trigger sidor at 4546  71  1814
17.12.2022 00:13:50 [TalkingNPC] Created sound trigger barman at 4864  123 6671
17.12.2022 00:13:50 [TalkingNPC] Created sound trigger sacharov at 2453  39  6209
17.12.2022 04:04:23 [TalkingNPC] TalkingNPC started!
17.12.2022 04:04:23 [TalkingNPC] Created sound trigger sidor at 4546  71  1814
17.12.2022 04:04:23 [TalkingNPC] Created sound trigger barman at 4864  123 6671
17.12.2022 04:04:23 [TalkingNPC] Created sound trigger sacharov at 2453  39  6209
17.12.2022 08:04:00 [TalkingNPC] TalkingNPC started!
17.12.2022 08:04:00 [TalkingNPC] Created sound trigger sidor at 4546  71  1814
17.12.2022 08:04:00 [TalkingNPC] Created sound trigger barman at 4864  123 6671
17.12.2022 08:04:00 [TalkingNPC] Created sound trigger sacharov at 2453  39  6209
17.12.2022 12:14:42 [TalkingNPC] TalkingNPC started!
17.12.2022 12:14:42 [TalkingNPC] Created sound trigger sidor at 4546  71  1814
17.12.2022 12:14:42 [TalkingNPC] Created sound trigger barman at 4864  123 6671
17.12.2022 12:14:42 [TalkingNPC] Created sound trigger sacharov at 2453  39  6209
17.12.2022 16:03:57 [TalkingNPC] TalkingNPC started!
17.12.2022 16:03:57 [TalkingNPC] Created sound trigger sidor at 4546  71  1814
17.12.2022 16:03:57 [TalkingNPC] Created sound trigger barman at 4864  123 6671
17.12.2022 16:03:57 [TalkingNPC] Created sound trigger sacharov at 2453  39  6209
17.12.2022 21:21:45 [TalkingNPC] TalkingNPC started!
17.12.2022 21:21:45 [TalkingNPC] Created sound trigger sidor at 4546  71  1814
17.12.2022 21:21:45 [TalkingNPC] Created sound trigger barman at 4864  123 6671
17.12.2022 21:21:45 [TalkingNPC] Created sound trigger sacharov at 2453  39  6209
17.12.2022 21:40:39 [TalkingNPC] TalkingNPC started!
17.12.2022 21:40:39 [TalkingNPC] Created sound trigger sidor at 4546  71  1814
17.12.2022 21:40:39 [TalkingNPC] Created sound trigger barman at 4864  123 6671
17.12.2022 21:40:39 [TalkingNPC] Created sound trigger sacharov at 2453  39  6209
18.12.2022 12:06:40 [TalkingNPC] TalkingNPC started!
18.12.2022 12:06:40 [TalkingNPC] Created sound trigger sidor at 4546  71  1814
18.12.2022 12:06:40 [TalkingNPC] Created sound trigger barman at 4864  123 6671
18.12.2022 12:06:40 [TalkingNPC] Created sound trigger sacharov at 2453  39  6209
18.12.2022 15:41:59 [TalkingNPC] TalkingNPC started!
18.12.2022 15:41:59 [TalkingNPC] Created sound trigger sidor at 4546  71  1814
18.12.2022 15:41:59 [TalkingNPC] Created sound trigger barman at 4864  123 6671
18.12.2022 15:41:59 [TalkingNPC] Created sound trigger sacharov at 2453  39  6209
18.12.2022 16:06:12 [TalkingNPC] TalkingNPC started!
18.12.2022 16:06:12 [TalkingNPC] Created sound trigger sidor at 4546  71  1814
18.12.2022 16:06:12 [TalkingNPC] Created sound trigger barman at 4864  123 6671
18.12.2022 16:06:12 [TalkingNPC] Created sound trigger sacharov at 2453  39  6209
18.12.2022 20:05:50 [TalkingNPC] TalkingNPC started!
18.12.2022 20:05:50 [TalkingNPC] Created sound trigger sidor at 4546  71  1814
18.12.2022 20:05:50 [TalkingNPC] Created sound trigger barman at 4864  123 6671
18.12.2022 20:05:50 [TalkingNPC] Created sound trigger sacharov at 2453  39  6209
19.12.2022 00:07:38 [TalkingNPC] TalkingNPC started!
19.12.2022 00:07:38 [TalkingNPC] Created sound trigger sidor at 4546  71  1814
19.12.2022 00:07:38 [TalkingNPC] Created sound trigger barman at 4864  123 6671
19.12.2022 00:07:38 [TalkingNPC] Created sound trigger sacharov at 2453  39  6209
19.12.2022 04:05:49 [TalkingNPC] TalkingNPC started!
19.12.2022 04:05:49 [TalkingNPC] Created sound trigger sidor at 4546  71  1814
19.12.2022 04:05:49 [TalkingNPC] Created sound trigger barman at 4864  123 6671
19.12.2022 04:05:49 [TalkingNPC] Created sound trigger sacharov at 2453  39  6209
19.12.2022 08:05:16 [TalkingNPC] TalkingNPC started!
19.12.2022 08:05:16 [TalkingNPC] Created sound trigger sidor at 4546  71  1814
19.12.2022 08:05:16 [TalkingNPC] Created sound trigger barman at 4864  123 6671
19.12.2022 08:05:16 [TalkingNPC] Created sound trigger sacharov at 2453  39  6209
19.12.2022 12:06:23 [TalkingNPC] TalkingNPC started!
19.12.2022 12:06:23 [TalkingNPC] Created sound trigger sidor at 4546  71  1814
19.12.2022 12:06:23 [TalkingNPC] Created sound trigger barman at 4864  123 6671
19.12.2022 12:06:23 [TalkingNPC] Created sound trigger sacharov at 2453  39  6209
19.12.2022 13:28:39 [TalkingNPC] TalkingNPC started!
19.12.2022 13:28:39 [TalkingNPC] Created sound trigger sidor at 4546  71  1814
19.12.2022 13:28:39 [TalkingNPC] Created sound trigger barman at 4864  123 6671
19.12.2022 13:28:39 [TalkingNPC] Created sound trigger sacharov at 2453  39  6209
19.12.2022 13:38:55 [TalkingNPC] TalkingNPC started!
19.12.2022 13:38:55 [TalkingNPC] Created sound trigger sidor at 4546  71  1814
19.12.2022 13:38:55 [TalkingNPC] Created sound trigger barman at 4864  123 6671
19.12.2022 13:38:55 [TalkingNPC] Created sound trigger sacharov at 2453  39  6209
19.12.2022 14:58:15 [TalkingNPC] TalkingNPC started!
19.12.2022 14:58:15 [TalkingNPC] Created sound trigger sidor at 4546  71  1814
19.12.2022 14:58:15 [TalkingNPC] Created sound trigger barman at 4864  123 6671
19.12.2022 14:58:15 [TalkingNPC] Created sound trigger sacharov at 2453  39  6209
19.12.2022 15:45:02 [TalkingNPC] TalkingNPC started!
19.12.2022 15:45:02 [TalkingNPC] Created sound trigger sidor at 4546  71  1814
19.12.2022 15:45:02 [TalkingNPC] Created sound trigger barman at 4864  123 6671
19.12.2022 15:45:02 [TalkingNPC] Created sound trigger sacharov at 2453  39  6209
19.12.2022 15:53:46 [TalkingNPC] TalkingNPC started!
19.12.2022 15:53:46 [TalkingNPC] Created sound trigger sidor at 4546  71  1814
19.12.2022 15:53:46 [TalkingNPC] Created sound trigger barman at 4864  123 6671
19.12.2022 15:53:46 [TalkingNPC] Created sound trigger sacharov at 2453  39  6209
19.12.2022 16:06:46 [TalkingNPC] TalkingNPC started!
19.12.2022 16:06:46 [TalkingNPC] Created sound trigger sidor at 4546  71  1814
19.12.2022 16:06:46 [TalkingNPC] Created sound trigger barman at 4864  123 6671
19.12.2022 16:06:46 [TalkingNPC] Created sound trigger sacharov at 2453  39  6209
19.12.2022 16:13:24 [TalkingNPC] TalkingNPC started!
19.12.2022 16:13:24 [TalkingNPC] Created sound trigger sidor at 4546  71  1814
19.12.2022 16:13:24 [TalkingNPC] Created sound trigger barman at 4864  123 6671
19.12.2022 16:13:24 [TalkingNPC] Created sound trigger sacharov at 2453  39  6209
19.12.2022 18:39:38 [TalkingNPC] TalkingNPC started!
19.12.2022 18:39:38 [TalkingNPC] Created sound trigger sidor at 4546  71  1814
19.12.2022 18:39:38 [TalkingNPC] Created sound trigger barman at 4864  123 6671
19.12.2022 18:39:38 [TalkingNPC] Created sound trigger sacharov at 2453  39  6209
19.12.2022 20:05:04 [TalkingNPC] TalkingNPC started!
19.12.2022 20:05:04 [TalkingNPC] Created sound trigger sidor at 4546  71  1814
19.12.2022 20:05:04 [TalkingNPC] Created sound trigger barman at 4864  123 6671
19.12.2022 20:05:04 [TalkingNPC] Created sound trigger sacharov at 2453  39  6209
20.12.2022 00:06:34 [TalkingNPC] TalkingNPC started!
20.12.2022 00:06:34 [TalkingNPC] Created sound trigger sidor at 4546  71  1814
20.12.2022 00:06:34 [TalkingNPC] Created sound trigger barman at 4864  123 6671
20.12.2022 00:06:34 [TalkingNPC] Created sound trigger sacharov at 2453  39  6209
20.12.2022 04:05:24 [TalkingNPC] TalkingNPC started!
20.12.2022 04:05:24 [TalkingNPC] Created sound trigger sidor at 4546  71  1814
20.12.2022 04:05:24 [TalkingNPC] Created sound trigger barman at 4864  123 6671
20.12.2022 04:05:24 [TalkingNPC] Created sound trigger sacharov at 2453  39  6209
20.12.2022 08:06:44 [TalkingNPC] TalkingNPC started!
20.12.2022 08:06:44 [TalkingNPC] Created sound trigger sidor at 4546  71  1814
20.12.2022 08:06:44 [TalkingNPC] Created sound trigger barman at 4864  123 6671
20.12.2022 08:06:44 [TalkingNPC] Created sound trigger sacharov at 2453  39  6209
20.12.2022 12:06:43 [TalkingNPC] TalkingNPC started!
20.12.2022 12:06:43 [TalkingNPC] Created sound trigger sidor at 4546  71  1814
20.12.2022 12:06:43 [TalkingNPC] Created sound trigger barman at 4864  123 6671
20.12.2022 12:06:43 [TalkingNPC] Created sound trigger sacharov at 2453  39  6209
20.12.2022 12:53:06 [TalkingNPC] TalkingNPC started!
20.12.2022 12:53:06 [TalkingNPC] Created sound trigger sidor at 4546  71  1814
20.12.2022 12:53:06 [TalkingNPC] Created sound trigger barman at 4864  123 6671
20.12.2022 12:53:06 [TalkingNPC] Created sound trigger sacharov at 2453  39  6209
20.12.2022 13:00:51 [TalkingNPC] TalkingNPC started!
20.12.2022 13:00:51 [TalkingNPC] Created sound trigger sidor at 4546  71  1814
20.12.2022 13:00:51 [TalkingNPC] Created sound trigger barman at 4864  123 6671
20.12.2022 13:00:51 [TalkingNPC] Created sound trigger sacharov at 2453  39  6209
20.12.2022 13:50:23 [TalkingNPC] TalkingNPC started!
20.12.2022 13:50:23 [TalkingNPC] Created sound trigger sidor at 4546  71  1814
20.12.2022 13:50:23 [TalkingNPC] Created sound trigger barman at 4864  123 6671
20.12.2022 13:50:23 [TalkingNPC] Created sound trigger sacharov at 2453  39  6209
20.12.2022 16:05:19 [TalkingNPC] TalkingNPC started!
20.12.2022 16:05:19 [TalkingNPC] Created sound trigger sidor at 4546  71  1814
20.12.2022 16:05:19 [TalkingNPC] Created sound trigger barman at 4864  123 6671
20.12.2022 16:05:19 [TalkingNPC] Created sound trigger sacharov at 2453  39  6209
20.12.2022 19:17:33 [TalkingNPC] TalkingNPC started!
20.12.2022 19:17:33 [TalkingNPC] Created sound trigger sidor at 4546  71  1814
20.12.2022 19:17:33 [TalkingNPC] Created sound trigger barman at 4864  123 6671
20.12.2022 19:17:33 [TalkingNPC] Created sound trigger sacharov at 2453  39  6209
20.12.2022 19:32:45 [TalkingNPC] TalkingNPC started!
20.12.2022 19:32:45 [TalkingNPC] Created sound trigger sidor at 4546  71  1814
20.12.2022 19:32:45 [TalkingNPC] Created sound trigger barman at 4864  123 6671
20.12.2022 19:32:45 [TalkingNPC] Created sound trigger sacharov at 2453  39  6209
20.12.2022 20:05:41 [TalkingNPC] TalkingNPC started!
20.12.2022 20:05:41 [TalkingNPC] Created sound trigger sidor at 4546  71  1814
20.12.2022 20:05:41 [TalkingNPC] Created sound trigger barman at 4864  123 6671
20.12.2022 20:05:41 [TalkingNPC] Created sound trigger sacharov at 2453  39  6209
21.12.2022 00:06:43 [TalkingNPC] TalkingNPC started!
21.12.2022 00:06:43 [TalkingNPC] Created sound trigger sidor at 4546  71  1814
21.12.2022 00:06:43 [TalkingNPC] Created sound trigger barman at 4864  123 6671
21.12.2022 00:06:43 [TalkingNPC] Created sound trigger sacharov at 2453  39  6209
21.12.2022 04:10:55 [TalkingNPC] TalkingNPC started!
21.12.2022 04:10:55 [TalkingNPC] Created sound trigger sidor at 4546  71  1814
21.12.2022 04:10:55 [TalkingNPC] Created sound trigger barman at 4864  123 6671
21.12.2022 04:10:55 [TalkingNPC] Created sound trigger sacharov at 2453  39  6209
21.12.2022 08:04:43 [TalkingNPC] TalkingNPC started!
21.12.2022 08:04:43 [TalkingNPC] Created sound trigger sidor at 4546  71  1814
21.12.2022 08:04:43 [TalkingNPC] Created sound trigger barman at 4864  123 6671
21.12.2022 08:04:43 [TalkingNPC] Created sound trigger sacharov at 2453  39  6209
21.12.2022 12:05:39 [TalkingNPC] TalkingNPC started!
21.12.2022 12:05:39 [TalkingNPC] Created sound trigger sidor at 4546  71  1814
21.12.2022 12:05:39 [TalkingNPC] Created sound trigger barman at 4864  123 6671
21.12.2022 12:05:39 [TalkingNPC] Created sound trigger sacharov at 2453  39  6209
21.12.2022 16:05:11 [TalkingNPC] TalkingNPC started!
21.12.2022 16:05:11 [TalkingNPC] Created sound trigger sidor at 4546  71  1814
21.12.2022 16:05:11 [TalkingNPC] Created sound trigger barman at 4864  123 6671
21.12.2022 16:05:11 [TalkingNPC] Created sound trigger sacharov at 2453  39  6209
21.12.2022 16:24:07 [TalkingNPC] TalkingNPC started!
21.12.2022 16:24:07 [TalkingNPC] Created sound trigger sidor at 4546  71  1814
21.12.2022 16:24:07 [TalkingNPC] Created sound trigger barman at 4864  123 6671
21.12.2022 16:24:07 [TalkingNPC] Created sound trigger sacharov at 2453  39  6209
21.12.2022 16:33:45 [TalkingNPC] TalkingNPC started!
21.12.2022 16:33:45 [TalkingNPC] Created sound trigger sidor at 4546  71  1814
21.12.2022 16:33:45 [TalkingNPC] Created sound trigger barman at 4864  123 6671
21.12.2022 16:33:45 [TalkingNPC] Created sound trigger sacharov at 2453  39  6209
21.12.2022 16:38:56 [TalkingNPC] TalkingNPC started!
21.12.2022 16:38:56 [TalkingNPC] Created sound trigger sidor at 4546  71  1814
21.12.2022 16:38:56 [TalkingNPC] Created sound trigger barman at 4864  123 6671
21.12.2022 16:38:56 [TalkingNPC] Created sound trigger sacharov at 2453  39  6209
21.12.2022 18:44:09 [TalkingNPC] TalkingNPC started!
21.12.2022 18:44:09 [TalkingNPC] Created sound trigger sidor at 4546  71  1814
21.12.2022 18:44:09 [TalkingNPC] Created sound trigger barman at 4864  123 6671
21.12.2022 18:44:09 [TalkingNPC] Created sound trigger sacharov at 2453  39  6209
21.12.2022 19:23:58 [TalkingNPC] TalkingNPC started!
21.12.2022 19:23:58 [TalkingNPC] Created sound trigger sidor at 4546  71  1814
21.12.2022 19:23:58 [TalkingNPC] Created sound trigger barman at 4864  123 6671
21.12.2022 19:23:58 [TalkingNPC] Created sound trigger sacharov at 2453  39  6209
21.12.2022 20:04:26 [TalkingNPC] TalkingNPC started!
21.12.2022 20:04:26 [TalkingNPC] Created sound trigger sidor at 4546  71  1814
21.12.2022 20:04:26 [TalkingNPC] Created sound trigger barman at 4864  123 6671
21.12.2022 20:04:26 [TalkingNPC] Created sound trigger sacharov at 2453  39  6209
